Process ForkPoolWorker-3:
Process ForkPoolWorker-26:
Process ForkPoolWorker-7:
Process ForkPoolWorker-13:
Process ForkPoolWorker-16:
Process ForkPoolWorker-2:
Process ForkPoolWorker-4:
Process ForkPoolWorker-21:
Process ForkPoolWorker-23:
Process ForkPoolWorker-6:
Process ForkPoolWorker-25:
Process ForkPoolWorker-28:
Process ForkPoolWorker-32:
Process ForkPoolWorker-11:
Process ForkPoolWorker-1:
Process ForkPoolWorker-20:
Process ForkPoolWorker-30:
Process ForkPoolWorker-5:
Process ForkPoolWorker-22:
Process ForkPoolWorker-12:
Process ForkPoolWorker-18:
Process ForkPoolWorker-19:
Process ForkPoolWorker-9:
Process ForkPoolWorker-29:
Process ForkPoolWorker-31:
Process ForkPoolWorker-8:
Process ForkPoolWorker-24:
Process ForkPoolWorker-10:
Traceback (most recent call last):
  File "/zhome/c2/2/146508/PythonHPC/Project/simulate_dynamic.py", line 93, in <module>
Process ForkPoolWorker-27:
Process ForkPoolWorker-14:
Process ForkPoolWorker-15:
    results = pool.starmap(process_floorplan, tasks, chunksize=chunk_size)
              ^^^^^^^^^^^^^^^^^^^^^^^^^^^^^^^^^^^^^^^^^^^^^Process ForkPoolWorker-17:
^^^^^^^^^^^^^^^
  File "/dtu/projects/02613_2025/conda/miniconda3/envs/02613_2026/lib/python3.12/multiprocessing/pool.py", line 375, in starmap
    return self._map_async(func, iterable, starmapstar, chunksize).get()
           ^^^^^^^^^^^^^^^^^^^^^^^^^^^^^^^^^^^^^^^^^^^^^^^^^^^^^^^^^^^^^
  File "/dtu/projects/02613_2025/conda/miniconda3/envs/02613_2026/lib/python3.12/multiprocessing/pool.py", line 768, in get
    self.wait(timeout)
  File "/dtu/projects/02613_2025/conda/miniconda3/envs/02613_2026/lib/python3.12/multiprocessing/pool.py", line 765, in wait
Traceback (most recent call last):
Traceback (most recent call last):
Traceback (most recent call last):
  File "/dtu/projects/02613_2025/conda/miniconda3/envs/02613_2026/lib/python3.12/multiprocessing/process.py", line 314, in _bootstrap
    self.run()
  File "/dtu/projects/02613_2025/conda/miniconda3/envs/02613_2026/lib/python3.12/multiprocessing/process.py", line 108, in run
    self._target(*self._args, **self._kwargs)
  File "/dtu/projects/02613_2025/conda/miniconda3/envs/02613_2026/lib/python3.12/multiprocessing/pool.py", line 125, in worker
    result = (True, func(*args, **kwds))
                    ^^^^^^^^^^^^^^^^^^^
  File "/dtu/projects/02613_2025/conda/miniconda3/envs/02613_2026/lib/python3.12/multiprocessing/pool.py", line 51, in starmapstar
    return list(itertools.starmap(args[0], args[1]))
           ^^^^^^^^^^^^^^^^^^^^^^^^^^^^^^^^^^^^^^^^^
  File "/zhome/c2/2/146508/PythonHPC/Project/simulate_dynamic.py", line 49, in process_floorplan
    u = jacobi(u0, interior_mask, max_iter, atol)
        ^^^^^^^^^^^^^^^^^^^^^^^^^^^^^^^^^^^^^^^^^
  File "/zhome/c2/2/146508/PythonHPC/Project/simulate_dynamic.py", line 25, in jacobi
    delta = np.abs(u[1:-1, 1:-1][interior_mask] - u_new_interior).max()
            ^^^^^^^^^^^^^^^^^^^^^^^^^^^^^^^^^^^^^^^^^^^^^^^^^^^^^
KeyboardInterrupt
Traceback (most recent call last):
  File "/dtu/projects/02613_2025/conda/miniconda3/envs/02613_2026/lib/python3.12/multiprocessing/process.py", line 314, in _bootstrap
    self.run()
  File "/dtu/projects/02613_2025/conda/miniconda3/envs/02613_2026/lib/python3.12/multiprocessing/process.py", line 108, in run
    self._target(*self._args, **self._kwargs)
  File "/dtu/projects/02613_2025/conda/miniconda3/envs/02613_2026/lib/python3.12/multiprocessing/pool.py", line 125, in worker
    result = (True, func(*args, **kwds))
                    ^^^^^^^^^^^^^^^^^^^
  File "/dtu/projects/02613_2025/conda/miniconda3/envs/02613_2026/lib/python3.12/multiprocessing/pool.py", line 51, in starmapstar
    return list(itertools.starmap(args[0], args[1]))
           ^^^^^^^^^^^^^^^^^^^^^^^^^^^^^^^^^^^^^^^^^
  File "/zhome/c2/2/146508/PythonHPC/Project/simulate_dynamic.py", line 49, in process_floorplan
    u = jacobi(u0, interior_mask, max_iter, atol)
        ^^^^^^^^^^^^^^^^^^^^^^^^^^^^^^^^^^^^^^^^^
  File "/zhome/c2/2/146508/PythonHPC/Project/simulate_dynamic.py", line 25, in jacobi
    delta = np.abs(u[1:-1, 1:-1][interior_mask] - u_new_interior).max()
            ^^^^^^^^^^^^^^^^^^^^^^^^^^^^^^^^^^^^^^^^^^^^^^^^^^^^^
KeyboardInterrupt
  File "/dtu/projects/02613_2025/conda/miniconda3/envs/02613_2026/lib/python3.12/multiprocessing/process.py", line 314, in _bootstrap
    self.run()
  File "/dtu/projects/02613_2025/conda/miniconda3/envs/02613_2026/lib/python3.12/multiprocessing/process.py", line 108, in run
    self._target(*self._args, **self._kwargs)
  File "/dtu/projects/02613_2025/conda/miniconda3/envs/02613_2026/lib/python3.12/multiprocessing/pool.py", line 125, in worker
    result = (True, func(*args, **kwds))
                    ^^^^^^^^^^^^^^^^^^^
  File "/dtu/projects/02613_2025/conda/miniconda3/envs/02613_2026/lib/python3.12/multiprocessing/pool.py", line 51, in starmapstar
    return list(itertools.starmap(args[0], args[1]))
           ^^^^^^^^^^^^^^^^^^^^^^^^^^^^^^^^^^^^^^^^^
  File "/zhome/c2/2/146508/PythonHPC/Project/simulate_dynamic.py", line 49, in process_floorplan
    u = jacobi(u0, interior_mask, max_iter, atol)
        ^^^^^^^^^^^^^^^^^^^^^^^^^^^^^^^^^^^^^^^^^
  File "/zhome/c2/2/146508/PythonHPC/Project/simulate_dynamic.py", line 25, in jacobi
    delta = np.abs(u[1:-1, 1:-1][interior_mask] - u_new_interior).max()
            ^^^^^^^^^^^^^^^^^^^^^^^^^^^^^^^^^^^^^^^^^^^^^^^^^^^^^
KeyboardInterrupt
  File "/dtu/projects/02613_2025/conda/miniconda3/envs/02613_2026/lib/python3.12/multiprocessing/process.py", line 314, in _bootstrap
    self.run()
  File "/dtu/projects/02613_2025/conda/miniconda3/envs/02613_2026/lib/python3.12/multiprocessing/process.py", line 108, in run
    self._target(*self._args, **self._kwargs)
  File "/dtu/projects/02613_2025/conda/miniconda3/envs/02613_2026/lib/python3.12/multiprocessing/pool.py", line 125, in worker
    result = (True, func(*args, **kwds))
                    ^^^^^^^^^^^^^^^^^^^
  File "/dtu/projects/02613_2025/conda/miniconda3/envs/02613_2026/lib/python3.12/multiprocessing/pool.py", line 51, in starmapstar
    return list(itertools.starmap(args[0], args[1]))
           ^^^^^^^^^^^^^^^^^^^^^^^^^^^^^^^^^^^^^^^^^
  File "/zhome/c2/2/146508/PythonHPC/Project/simulate_dynamic.py", line 49, in process_floorplan
    u = jacobi(u0, interior_mask, max_iter, atol)
        ^^^^^^^^^^^^^^^^^^^^^^^^^^^^^^^^^^^^^^^^^
  File "/zhome/c2/2/146508/PythonHPC/Project/simulate_dynamic.py", line 25, in jacobi
    delta = np.abs(u[1:-1, 1:-1][interior_mask] - u_new_interior).max()
            ^^^^^^^^^^^^^^^^^^^^^^^^^^^^^^^^^^^^^^^^^^^^^^^^^^^^^
KeyboardInterrupt
    self._event.wait(timeout)
  File "/dtu/projects/02613_2025/conda/miniconda3/envs/02613_2026/lib/python3.12/threading.py", line 655, in wait
Traceback (most recent call last):
  File "/dtu/projects/02613_2025/conda/miniconda3/envs/02613_2026/lib/python3.12/multiprocessing/process.py", line 314, in _bootstrap
    self.run()
  File "/dtu/projects/02613_2025/conda/miniconda3/envs/02613_2026/lib/python3.12/multiprocessing/process.py", line 108, in run
    self._target(*self._args, **self._kwargs)
  File "/dtu/projects/02613_2025/conda/miniconda3/envs/02613_2026/lib/python3.12/multiprocessing/pool.py", line 114, in worker
    task = get()
           ^^^^^
  File "/dtu/projects/02613_2025/conda/miniconda3/envs/02613_2026/lib/python3.12/multiprocessing/queues.py", line 387, in get
    res = self._reader.recv_bytes()
          ^^^^^^^^^^^^^^^^^^^^^^^^^
  File "/dtu/projects/02613_2025/conda/miniconda3/envs/02613_2026/lib/python3.12/multiprocessing/connection.py", line 216, in recv_bytes
    buf = self._recv_bytes(maxlength)
          ^^^^^^^^^^^^^^^^^^^^^^^^^^^
  File "/dtu/projects/02613_2025/conda/miniconda3/envs/02613_2026/lib/python3.12/multiprocessing/connection.py", line 430, in _recv_bytes
    buf = self._recv(4)
          ^^^^^^^^^^^^^
  File "/dtu/projects/02613_2025/conda/miniconda3/envs/02613_2026/lib/python3.12/multiprocessing/connection.py", line 395, in _recv
    chunk = read(handle, remaining)
            ^^^^^^^^^^^^^^^^^^^^^^^
KeyboardInterrupt
    signaled = self._cond.wait(timeout)
               ^^Traceback (most recent call last):
Traceback (most recent call last):
Traceback (most recent call last):
Traceback (most recent call last):
Traceback (most recent call last):
Traceback (most recent call last):
Traceback (most recent call last):
Traceback (most recent call last):
  File "/dtu/projects/02613_2025/conda/miniconda3/envs/02613_2026/lib/python3.12/multiprocessing/process.py", line 314, in _bootstrap
    self.run()
  File "/dtu/projects/02613_2025/conda/miniconda3/envs/02613_2026/lib/python3.12/multiprocessing/process.py", line 108, in run
    self._target(*self._args, **self._kwargs)
  File "/dtu/projects/02613_2025/conda/miniconda3/envs/02613_2026/lib/python3.12/multiprocessing/pool.py", line 114, in worker
    task = get()
           ^^^^^
  File "/dtu/projects/02613_2025/conda/miniconda3/envs/02613_2026/lib/python3.12/multiprocessing/queues.py", line 386, in get
    with self._rlock:
         ^^^^^^^^^^^
  File "/dtu/projects/02613_2025/conda/miniconda3/envs/02613_2026/lib/python3.12/multiprocessing/synchronize.py", line 95, in __enter__
    return self._semlock.__enter__()
           ^^^^^^^^^^^^^^^^^^^^^^^^^
  File "/dtu/projects/02613_2025/conda/miniconda3/envs/02613_2026/lib/python3.12/multiprocessing/process.py", line 314, in _bootstrap
    self.run()
Traceback (most recent call last):
  File "/dtu/projects/02613_2025/conda/miniconda3/envs/02613_2026/lib/python3.12/multiprocessing/process.py", line 108, in run
    self._target(*self._args, **self._kwargs)
KeyboardInterrupt
  File "/dtu/projects/02613_2025/conda/miniconda3/envs/02613_2026/lib/python3.12/multiprocessing/pool.py", line 114, in worker
    task = get()
           ^^^^^
  File "/dtu/projects/02613_2025/conda/miniconda3/envs/02613_2026/lib/python3.12/multiprocessing/process.py", line 314, in _bootstrap
    self.run()
  File "/dtu/projects/02613_2025/conda/miniconda3/envs/02613_2026/lib/python3.12/multiprocessing/queues.py", line 386, in get
    with self._rlock:
         ^^^^^^^^^^^
  File "/dtu/projects/02613_2025/conda/miniconda3/envs/02613_2026/lib/python3.12/multiprocessing/synchronize.py", line 95, in __enter__
    return self._semlock.__enter__()
           ^^^^^^^^^^^^^^^^^^^^^^^^^
  File "/dtu/projects/02613_2025/conda/miniconda3/envs/02613_2026/lib/python3.12/multiprocessing/process.py", line 108, in run
    self._target(*self._args, **self._kwargs)
  File "/dtu/projects/02613_2025/conda/miniconda3/envs/02613_2026/lib/python3.12/multiprocessing/pool.py", line 114, in worker
    task = get()
           ^^^^^
  File "/dtu/projects/02613_2025/conda/miniconda3/envs/02613_2026/lib/python3.12/multiprocessing/queues.py", line 386, in get
    with self._rlock:
         ^^^^^^^^^^^
KeyboardInterrupt
  File "/dtu/projects/02613_2025/conda/miniconda3/envs/02613_2026/lib/python3.12/multiprocessing/synchronize.py", line 95, in __enter__
    return self._semlock.__enter__()
           ^^^^^^^^^^^^^^^^^^^^^^^^^
KeyboardInterrupt
  File "/dtu/projects/02613_2025/conda/miniconda3/envs/02613_2026/lib/python3.12/multiprocessing/process.py", line 314, in _bootstrap
    self.run()
  File "/dtu/projects/02613_2025/conda/miniconda3/envs/02613_2026/lib/python3.12/multiprocessing/process.py", line 314, in _bootstrap
    self.run()
  File "/dtu/projects/02613_2025/conda/miniconda3/envs/02613_2026/lib/python3.12/multiprocessing/process.py", line 108, in run
    self._target(*self._args, **self._kwargs)
  File "/dtu/projects/02613_2025/conda/miniconda3/envs/02613_2026/lib/python3.12/multiprocessing/pool.py", line 114, in worker
    task = get()
           ^^^^^
  File "/dtu/projects/02613_2025/conda/miniconda3/envs/02613_2026/lib/python3.12/multiprocessing/process.py", line 108, in run
    self._target(*self._args, **self._kwargs)
  File "/dtu/projects/02613_2025/conda/miniconda3/envs/02613_2026/lib/python3.12/multiprocessing/process.py", line 314, in _bootstrap
    self.run()
  File "/dtu/projects/02613_2025/conda/miniconda3/envs/02613_2026/lib/python3.12/multiprocessing/queues.py", line 386, in get
    with self._rlock:
         ^^^^^^^^^^^
  File "/dtu/projects/02613_2025/conda/miniconda3/envs/02613_2026/lib/python3.12/multiprocessing/synchronize.py", line 95, in __enter__
    return self._semlock.__enter__()
           ^^^^^^^^^^^^^^^^^^^^^^^^^
  File "/dtu/projects/02613_2025/conda/miniconda3/envs/02613_2026/lib/python3.12/multiprocessing/pool.py", line 114, in worker
    task = get()
           ^^^^^
  File "/dtu/projects/02613_2025/conda/miniconda3/envs/02613_2026/lib/python3.12/multiprocessing/process.py", line 108, in run
    self._target(*self._args, **self._kwargs)
  File "/dtu/projects/02613_2025/conda/miniconda3/envs/02613_2026/lib/python3.12/multiprocessing/queues.py", line 386, in get
    with self._rlock:
         ^^^^^^^^^^^
  File "/dtu/projects/02613_2025/conda/miniconda3/envs/02613_2026/lib/python3.12/multiprocessing/pool.py", line 114, in worker
    task = get()
           ^^^^^
  File "/dtu/projects/02613_2025/conda/miniconda3/envs/02613_2026/lib/python3.12/multiprocessing/synchronize.py", line 95, in __enter__
    return self._semlock.__enter__()
           ^^^^^^^^^^^^^^^^^^^^^^^^^
KeyboardInterrupt
  File "/dtu/projects/02613_2025/conda/miniconda3/envs/02613_2026/lib/python3.12/multiprocessing/queues.py", line 386, in get
    with self._rlock:
         ^^^^^^^^^^^
  File "/dtu/projects/02613_2025/conda/miniconda3/envs/02613_2026/lib/python3.12/multiprocessing/synchronize.py", line 95, in __enter__
    return self._semlock.__enter__()
           ^^^^^^^^^^^^^^^^^^^^^^^^^
KeyboardInterrupt
KeyboardInterrupt
  File "/dtu/projects/02613_2025/conda/miniconda3/envs/02613_2026/lib/python3.12/multiprocessing/process.py", line 314, in _bootstrap
    self.run()
  File "/dtu/projects/02613_2025/conda/miniconda3/envs/02613_2026/lib/python3.12/multiprocessing/process.py", line 108, in run
    self._target(*self._args, **self._kwargs)
  File "/dtu/projects/02613_2025/conda/miniconda3/envs/02613_2026/lib/python3.12/multiprocessing/pool.py", line 114, in worker
    task = get()
           ^^^^^
  File "/dtu/projects/02613_2025/conda/miniconda3/envs/02613_2026/lib/python3.12/multiprocessing/queues.py", line 386, in get
    with self._rlock:
         ^^^^^^^^^^^
  File "/dtu/projects/02613_2025/conda/miniconda3/envs/02613_2026/lib/python3.12/multiprocessing/synchronize.py", line 95, in __enter__
    return self._semlock.__enter__()
           ^^^^^^^^^^^^^^^^^^^^^^^^^
  File "/dtu/projects/02613_2025/conda/miniconda3/envs/02613_2026/lib/python3.12/multiprocessing/process.py", line 314, in _bootstrap
    self.run()
KeyboardInterrupt
  File "/dtu/projects/02613_2025/conda/miniconda3/envs/02613_2026/lib/python3.12/multiprocessing/process.py", line 108, in run
    self._target(*self._args, **self._kwargs)
  File "/dtu/projects/02613_2025/conda/miniconda3/envs/02613_2026/lib/python3.12/multiprocessing/pool.py", line 114, in worker
    task = get()
           ^^^^^
  File "/dtu/projects/02613_2025/conda/miniconda3/envs/02613_2026/lib/python3.12/multiprocessing/queues.py", line 386, in get
    with self._rlock:
         ^^^^^^^^^^^
  File "/dtu/projects/02613_2025/conda/miniconda3/envs/02613_2026/lib/python3.12/multiprocessing/synchronize.py", line 95, in __enter__
    return self._semlock.__enter__()
           ^^^^^^^^^^^^^^^^^^^^^^^^^
KeyboardInterrupt
  File "/dtu/projects/02613_2025/conda/miniconda3/envs/02613_2026/lib/python3.12/multiprocessing/process.py", line 314, in _bootstrap
    self.run()
  File "/dtu/projects/02613_2025/conda/miniconda3/envs/02613_2026/lib/python3.12/multiprocessing/process.py", line 108, in run
    self._target(*self._args, **self._kwargs)
  File "/dtu/projects/02613_2025/conda/miniconda3/envs/02613_2026/lib/python3.12/multiprocessing/pool.py", line 114, in worker
    task = get()
           ^^^^^
  File "/dtu/projects/02613_2025/conda/miniconda3/envs/02613_2026/lib/python3.12/multiprocessing/queues.py", line 386, in get
    with self._rlock:
         ^^^^^^^^^^^
  File "/dtu/projects/02613_2025/conda/miniconda3/envs/02613_2026/lib/python3.12/multiprocessing/synchronize.py", line 95, in __enter__
    return self._semlock.__enter__()
           ^^^^^^^^^^^^^^^^^^^^^^^^^
KeyboardInterrupt
^^^^^^^^^^^^^^Traceback (most recent call last):
Traceback (most recent call last):
Traceback (most recent call last):
  File "/dtu/projects/02613_2025/conda/miniconda3/envs/02613_2026/lib/python3.12/multiprocessing/process.py", line 314, in _bootstrap
    self.run()
  File "/dtu/projects/02613_2025/conda/miniconda3/envs/02613_2026/lib/python3.12/multiprocessing/process.py", line 108, in run
    self._target(*self._args, **self._kwargs)
  File "/dtu/projects/02613_2025/conda/miniconda3/envs/02613_2026/lib/python3.12/multiprocessing/pool.py", line 114, in worker
    task = get()
           ^^^^^
  File "/dtu/projects/02613_2025/conda/miniconda3/envs/02613_2026/lib/python3.12/multiprocessing/queues.py", line 386, in get
    with self._rlock:
         ^^^^^^^^^^^
  File "/dtu/projects/02613_2025/conda/miniconda3/envs/02613_2026/lib/python3.12/multiprocessing/synchronize.py", line 95, in __enter__
    return self._semlock.__enter__()
           ^^^^^^^^^^^^^^^^^^^^^^^^^
KeyboardInterrupt
Traceback (most recent call last):

During handling of the above exception, another exception occurred:

Traceback (most recent call last):
  File "/dtu/projects/02613_2025/conda/miniconda3/envs/02613_2026/lib/python3.12/multiprocessing/process.py", line 317, in _bootstrap
    util._exit_function()
Traceback (most recent call last):
  File "/dtu/projects/02613_2025/conda/miniconda3/envs/02613_2026/lib/python3.12/multiprocessing/process.py", line 314, in _bootstrap
    self.run()
  File "/dtu/projects/02613_2025/conda/miniconda3/envs/02613_2026/lib/python3.12/multiprocessing/process.py", line 314, in _bootstrap
    self.run()
  File "/dtu/projects/02613_2025/conda/miniconda3/envs/02613_2026/lib/python3.12/multiprocessing/process.py", line 108, in run
    self._target(*self._args, **self._kwargs)
  File "/dtu/projects/02613_2025/conda/miniconda3/envs/02613_2026/lib/python3.12/multiprocessing/process.py", line 314, in _bootstrap
    self.run()
  File "/dtu/projects/02613_2025/conda/miniconda3/envs/02613_2026/lib/python3.12/multiprocessing/process.py", line 108, in run
    self._target(*self._args, **self._kwargs)
  File "/dtu/projects/02613_2025/conda/miniconda3/envs/02613_2026/lib/python3.12/multiprocessing/pool.py", line 114, in worker
    task = get()
           ^^^^^
  File "/dtu/projects/02613_2025/conda/miniconda3/envs/02613_2026/lib/python3.12/multiprocessing/pool.py", line 114, in worker
    task = get()
           ^^^^^
  File "/dtu/projects/02613_2025/conda/miniconda3/envs/02613_2026/lib/python3.12/multiprocessing/queues.py", line 386, in get
    with self._rlock:
         ^^^^^^^^^^^
  File "/dtu/projects/02613_2025/conda/miniconda3/envs/02613_2026/lib/python3.12/multiprocessing/process.py", line 108, in run
    self._target(*self._args, **self._kwargs)
  File "/dtu/projects/02613_2025/conda/miniconda3/envs/02613_2026/lib/python3.12/multiprocessing/queues.py", line 386, in get
    with self._rlock:
         ^^^^^^^^^^^
  File "/dtu/projects/02613_2025/conda/miniconda3/envs/02613_2026/lib/python3.12/multiprocessing/util.py", line 336, in _exit_function
    debug('running all "atexit" finalizers with priority >= 0')
  File "/dtu/projects/02613_2025/conda/miniconda3/envs/02613_2026/lib/python3.12/multiprocessing/synchronize.py", line 95, in __enter__
    return self._semlock.__enter__()
           ^^^^^^^^^^^^^^^^^^^^^^^^^
  File "/dtu/projects/02613_2025/conda/miniconda3/envs/02613_2026/lib/python3.12/multiprocessing/pool.py", line 114, in worker
    task = get()
           ^^^^^
  File "/dtu/projects/02613_2025/conda/miniconda3/envs/02613_2026/lib/python3.12/multiprocessing/util.py", line 48, in debug
    def debug(msg, *args):
    
  File "/dtu/projects/02613_2025/conda/miniconda3/envs/02613_2026/lib/python3.12/multiprocessing/queues.py", line 386, in get
    with self._rlock:
         ^^^^^^^^^^^
  File "/dtu/projects/02613_2025/conda/miniconda3/envs/02613_2026/lib/python3.12/multiprocessing/synchronize.py", line 95, in __enter__
    return self._semlock.__enter__()
           ^^^^^^^^^^^^^^^^^^^^^^^^^
KeyboardInterrupt
KeyboardInterrupt
KeyboardInterrupt

During handling of the above exception, another exception occurred:

Traceback (most recent call last):
Traceback (most recent call last):
Traceback (most recent call last):
Traceback (most recent call last):
Traceback (most recent call last):
  File "/dtu/projects/02613_2025/conda/miniconda3/envs/02613_2026/lib/python3.12/multiprocessing/process.py", line 317, in _bootstrap
    util._exit_function()
  File "/dtu/projects/02613_2025/conda/miniconda3/envs/02613_2026/lib/python3.12/multiprocessing/util.py", line 323, in _exit_function
    def _exit_function(info=info, debug=debug, _run_finalizers=_run_finalizers,
    
KeyboardInterrupt
  File "/dtu/projects/02613_2025/conda/miniconda3/envs/02613_2026/lib/python3.12/multiprocessing/process.py", line 314, in _bootstrap
    self.run()
  File "/dtu/projects/02613_2025/conda/miniconda3/envs/02613_2026/lib/python3.12/multiprocessing/process.py", line 314, in _bootstrap
    self.run()
Traceback (most recent call last):
  File "/dtu/projects/02613_2025/conda/miniconda3/envs/02613_2026/lib/python3.12/multiprocessing/process.py", line 108, in run
    self._target(*self._args, **self._kwargs)
  File "/dtu/projects/02613_2025/conda/miniconda3/envs/02613_2026/lib/python3.12/multiprocessing/process.py", line 108, in run
    self._target(*self._args, **self._kwargs)
  File "/dtu/projects/02613_2025/conda/miniconda3/envs/02613_2026/lib/python3.12/multiprocessing/pool.py", line 114, in worker
    task = get()
           ^^^^^
  File "/dtu/projects/02613_2025/conda/miniconda3/envs/02613_2026/lib/python3.12/multiprocessing/queues.py", line 386, in get
    with self._rlock:
         ^^^^^^^^^^^
  File "/dtu/projects/02613_2025/conda/miniconda3/envs/02613_2026/lib/python3.12/multiprocessing/pool.py", line 114, in worker
    task = get()
           ^^^^^
  File "/dtu/projects/02613_2025/conda/miniconda3/envs/02613_2026/lib/python3.12/multiprocessing/synchronize.py", line 95, in __enter__
    return self._semlock.__enter__()
           ^^^^^^^^^^^^^^^^^^^^^^^^^
  File "/dtu/projects/02613_2025/conda/miniconda3/envs/02613_2026/lib/python3.12/multiprocessing/queues.py", line 386, in get
    with self._rlock:
         ^^^^^^^^^^^
  File "/dtu/projects/02613_2025/conda/miniconda3/envs/02613_2026/lib/python3.12/multiprocessing/synchronize.py", line 95, in __enter__
    return self._semlock.__enter__()
           ^^^^^^^^^^^^^^^^^^^^^^^^^
KeyboardInterrupt
KeyboardInterrupt
  File "/dtu/projects/02613_2025/conda/miniconda3/envs/02613_2026/lib/python3.12/multiprocessing/process.py", line 314, in _bootstrap
    self.run()
  File "/dtu/projects/02613_2025/conda/miniconda3/envs/02613_2026/lib/python3.12/multiprocessing/process.py", line 108, in run
    self._target(*self._args, **self._kwargs)
  File "/dtu/projects/02613_2025/conda/miniconda3/envs/02613_2026/lib/python3.12/multiprocessing/pool.py", line 114, in worker
    task = get()
           ^^^^^
  File "/dtu/projects/02613_2025/conda/miniconda3/envs/02613_2026/lib/python3.12/multiprocessing/process.py", line 314, in _bootstrap
    self.run()
  File "/dtu/projects/02613_2025/conda/miniconda3/envs/02613_2026/lib/python3.12/multiprocessing/queues.py", line 386, in get
    with self._rlock:
         ^^^^^^^^^^^
  File "/dtu/projects/02613_2025/conda/miniconda3/envs/02613_2026/lib/python3.12/multiprocessing/synchronize.py", line 95, in __enter__
    return self._semlock.__enter__()
           ^^^^^^^^^^^^^^^^^^^^^^^^^
  File "/dtu/projects/02613_2025/conda/miniconda3/envs/02613_2026/lib/python3.12/multiprocessing/process.py", line 108, in run
    self._target(*self._args, **self._kwargs)
  File "/dtu/projects/02613_2025/conda/miniconda3/envs/02613_2026/lib/python3.12/multiprocessing/pool.py", line 114, in worker
    task = get()
           ^^^^^
KeyboardInterrupt
  File "/dtu/projects/02613_2025/conda/miniconda3/envs/02613_2026/lib/python3.12/multiprocessing/queues.py", line 386, in get
    with self._rlock:
         ^^^^^^^^^^^
  File "/dtu/projects/02613_2025/conda/miniconda3/envs/02613_2026/lib/python3.12/multiprocessing/synchronize.py", line 95, in __enter__
    return self._semlock.__enter__()
           ^^^^^^^^^^^^^^^^^^^^^^^^^

During handling of the above exception, another exception occurred:

Traceback (most recent call last):
KeyboardInterrupt
  File "/dtu/projects/02613_2025/conda/miniconda3/envs/02613_2026/lib/python3.12/multiprocessing/process.py", line 317, in _bootstrap
    util._exit_function()
  File "/dtu/projects/02613_2025/conda/miniconda3/envs/02613_2026/lib/python3.12/multiprocessing/util.py", line 323, in _exit_function
    def _exit_function(info=info, debug=debug, _run_finalizers=_run_finalizers,
    
KeyboardInterrupt

During handling of the above exception, another exception occurred:

Traceback (most recent call last):
  File "/dtu/projects/02613_2025/conda/miniconda3/envs/02613_2026/lib/python3.12/multiprocessing/process.py", line 314, in _bootstrap
    self.run()
  File "/dtu/projects/02613_2025/conda/miniconda3/envs/02613_2026/lib/python3.12/multiprocessing/process.py", line 108, in run
    self._target(*self._args, **self._kwargs)
  File "/dtu/projects/02613_2025/conda/miniconda3/envs/02613_2026/lib/python3.12/multiprocessing/pool.py", line 114, in worker
    task = get()
           ^^^^^
  File "/dtu/projects/02613_2025/conda/miniconda3/envs/02613_2026/lib/python3.12/multiprocessing/queues.py", line 386, in get
    with self._rlock:
         ^^^^^^^^^^^
  File "/dtu/projects/02613_2025/conda/miniconda3/envs/02613_2026/lib/python3.12/multiprocessing/synchronize.py", line 95, in __enter__
    return self._semlock.__enter__()
           ^^^^^^^^^^^^^^^^^^^^^^^^^
KeyboardInterrupt
  File "/dtu/projects/02613_2025/conda/miniconda3/envs/02613_2026/lib/python3.12/multiprocessing/process.py", line 317, in _bootstrap
    util._exit_function()
  File "/dtu/projects/02613_2025/conda/miniconda3/envs/02613_2026/lib/python3.12/multiprocessing/util.py", line 353, in _exit_function
    for p in active_children():
             ^^^^^^^^^^^^^^^^^
  File "/dtu/projects/02613_2025/conda/miniconda3/envs/02613_2026/lib/python3.12/multiprocessing/process.py", line 47, in active_children
    _cleanup()
  File "/dtu/projects/02613_2025/conda/miniconda3/envs/02613_2026/lib/python3.12/multiprocessing/process.py", line 61, in _cleanup
    def _cleanup():
    
KeyboardInterrupt
Traceback (most recent call last):
Traceback (most recent call last):
  File "/dtu/projects/02613_2025/conda/miniconda3/envs/02613_2026/lib/python3.12/multiprocessing/process.py", line 314, in _bootstrap
    self.run()
  File "/dtu/projects/02613_2025/conda/miniconda3/envs/02613_2026/lib/python3.12/multiprocessing/process.py", line 108, in run
    self._target(*self._args, **self._kwargs)
  File "/dtu/projects/02613_2025/conda/miniconda3/envs/02613_2026/lib/python3.12/multiprocessing/pool.py", line 114, in worker
    task = get()
           ^^^^^
  File "/dtu/projects/02613_2025/conda/miniconda3/envs/02613_2026/lib/python3.12/multiprocessing/queues.py", line 386, in get
    with self._rlock:
         ^^^^^^^^^^^
  File "/dtu/projects/02613_2025/conda/miniconda3/envs/02613_2026/lib/python3.12/multiprocessing/synchronize.py", line 95, in __enter__
    return self._semlock.__enter__()
           ^^^^^^^^^^^^^^^^^^^^^^^^^
KeyboardInterrupt

During handling of the above exception, another exception occurred:

Traceback (most recent call last):
  File "/dtu/projects/02613_2025/conda/miniconda3/envs/02613_2026/lib/python3.12/multiprocessing/process.py", line 314, in _bootstrap
    self.run()
  File "/dtu/projects/02613_2025/conda/miniconda3/envs/02613_2026/lib/python3.12/multiprocessing/process.py", line 108, in run
    self._target(*self._args, **self._kwargs)
  File "/dtu/projects/02613_2025/conda/miniconda3/envs/02613_2026/lib/python3.12/multiprocessing/pool.py", line 114, in worker
    task = get()
           ^^^^^
  File "/dtu/projects/02613_2025/conda/miniconda3/envs/02613_2026/lib/python3.12/multiprocessing/queues.py", line 386, in get
    with self._rlock:
         ^^^^^^^^^^^
  File "/dtu/projects/02613_2025/conda/miniconda3/envs/02613_2026/lib/python3.12/multiprocessing/synchronize.py", line 95, in __enter__
    return self._semlock.__enter__()
           ^^^^^^^^^^^^^^^^^^^^^^^^^
  File "/dtu/projects/02613_2025/conda/miniconda3/envs/02613_2026/lib/python3.12/multiprocessing/process.py", line 317, in _bootstrap
    util._exit_function()
  File "/dtu/projects/02613_2025/conda/miniconda3/envs/02613_2026/lib/python3.12/multiprocessing/util.py", line 323, in _exit_function
    def _exit_function(info=info, debug=debug, _run_finalizers=_run_finalizers,
    
KeyboardInterrupt
KeyboardInterrupt
^
During handling of the above exception, another exception occurred:

Traceback (most recent call last):
^^^^^^  File "/dtu/projects/02613_2025/conda/miniconda3/envs/02613_2026/lib/python3.12/multiprocessing/process.py", line 317, in _bootstrap
    util._exit_function()
^  File "/dtu/projects/02613_2025/conda/miniconda3/envs/02613_2026/lib/python3.12/multiprocessing/process.py", line 314, in _bootstrap
    self.run()
  File "/dtu/projects/02613_2025/conda/miniconda3/envs/02613_2026/lib/python3.12/multiprocessing/util.py", line 323, in _exit_function
    def _exit_function(info=info, debug=debug, _run_finalizers=_run_finalizers,
    
  File "/dtu/projects/02613_2025/conda/miniconda3/envs/02613_2026/lib/python3.12/multiprocessing/synchronize.py", line 95, in __enter__
    return self._semlock.__enter__()
           ^^^^^^^^^^^^^^^^^^^^^^^^^
  File "/dtu/projects/02613_2025/conda/miniconda3/envs/02613_2026/lib/python3.12/multiprocessing/process.py", line 108, in run
    self._target(*self._args, **self._kwargs)
KeyboardInterrupt
  File "/dtu/projects/02613_2025/conda/miniconda3/envs/02613_2026/lib/python3.12/multiprocessing/pool.py", line 114, in worker
    task = get()
           ^^^^^
  File "/dtu/projects/02613_2025/conda/miniconda3/envs/02613_2026/lib/python3.12/multiprocessing/queues.py", line 386, in get
    with self._rlock:
         ^^^^^^^^^^^
KeyboardInterrupt
  File "/dtu/projects/02613_2025/conda/miniconda3/envs/02613_2026/lib/python3.12/multiprocessing/synchronize.py", line 95, in __enter__
    return self._semlock.__enter__()
           ^^^^^^^^^^^^^^^^^^^^^^^^^
KeyboardInterrupt

During handling of the above exception, another exception occurred:

Traceback (most recent call last):
  File "/dtu/projects/02613_2025/conda/miniconda3/envs/02613_2026/lib/python3.12/multiprocessing/process.py", line 317, in _bootstrap
    util._exit_function()
  File "/dtu/projects/02613_2025/conda/miniconda3/envs/02613_2026/lib/python3.12/multiprocessing/util.py", line 323, in _exit_function
    def _exit_function(info=info, debug=debug, _run_finalizers=_run_finalizers,
    
KeyboardInterrupt
Traceback (most recent call last):
Traceback (most recent call last):
  File "/dtu/projects/02613_2025/conda/miniconda3/envs/02613_2026/lib/python3.12/multiprocessing/process.py", line 314, in _bootstrap
    self.run()
  File "/dtu/projects/02613_2025/conda/miniconda3/envs/02613_2026/lib/python3.12/multiprocessing/process.py", line 108, in run
    self._target(*self._args, **self._kwargs)
  File "/dtu/projects/02613_2025/conda/miniconda3/envs/02613_2026/lib/python3.12/multiprocessing/pool.py", line 114, in worker
    task = get()
           ^^^^^
  File "/dtu/projects/02613_2025/conda/miniconda3/envs/02613_2026/lib/python3.12/multiprocessing/queues.py", line 386, in get
    with self._rlock:
         ^^^^^^^^^^^
  File "/dtu/projects/02613_2025/conda/miniconda3/envs/02613_2026/lib/python3.12/multiprocessing/synchronize.py", line 95, in __enter__
    return self._semlock.__enter__()
           ^^^^^^^^^^^^^^^^^^^^^^^^^
KeyboardInterrupt

During handling of the above exception, another exception occurred:

Traceback (most recent call last):
  File "/dtu/projects/02613_2025/conda/miniconda3/envs/02613_2026/lib/python3.12/multiprocessing/process.py", line 317, in _bootstrap
    util._exit_function()
  File "/dtu/projects/02613_2025/conda/miniconda3/envs/02613_2026/lib/python3.12/multiprocessing/util.py", line 323, in _exit_function
    def _exit_function(info=info, debug=debug, _run_finalizers=_run_finalizers,
    
KeyboardInterrupt
  File "/dtu/projects/02613_2025/conda/miniconda3/envs/02613_2026/lib/python3.12/multiprocessing/process.py", line 314, in _bootstrap
    self.run()
  File "/dtu/projects/02613_2025/conda/miniconda3/envs/02613_2026/lib/python3.12/multiprocessing/process.py", line 108, in run
    self._target(*self._args, **self._kwargs)
  File "/dtu/projects/02613_2025/conda/miniconda3/envs/02613_2026/lib/python3.12/multiprocessing/pool.py", line 114, in worker
    task = get()
           ^^^^^
  File "/dtu/projects/02613_2025/conda/miniconda3/envs/02613_2026/lib/python3.12/multiprocessing/queues.py", line 386, in get
    with self._rlock:
         ^^^^^^^^^^^
  File "/dtu/projects/02613_2025/conda/miniconda3/envs/02613_2026/lib/python3.12/multiprocessing/synchronize.py", line 95, in __enter__
    return self._semlock.__enter__()
           ^^^^^^^^^^^^^^^^^^^^^^^^^
KeyboardInterrupt
Traceback (most recent call last):

  File "/dtu/projects/02613_2025/conda/miniconda3/envs/02613_2026/lib/python3.12/threading.py", line 355, in wait
  File "/dtu/projects/02613_2025/conda/miniconda3/envs/02613_2026/lib/python3.12/multiprocessing/process.py", line 314, in _bootstrap
    self.run()
  File "/dtu/projects/02613_2025/conda/miniconda3/envs/02613_2026/lib/python3.12/multiprocessing/process.py", line 108, in run
    self._target(*self._args, **self._kwargs)
  File "/dtu/projects/02613_2025/conda/miniconda3/envs/02613_2026/lib/python3.12/multiprocessing/pool.py", line 114, in worker
    task = get()
           ^^^^^
  File "/dtu/projects/02613_2025/conda/miniconda3/envs/02613_2026/lib/python3.12/multiprocessing/queues.py", line 386, in get
    with self._rlock:
         ^^^^^^^^^^^
  File "/dtu/projects/02613_2025/conda/miniconda3/envs/02613_2026/lib/python3.12/multiprocessing/synchronize.py", line 95, in __enter__
    return self._semlock.__enter__()
           ^^^^^^^^^^^^^^^^^^^^^^^^^
KeyboardInterrupt
Traceback (most recent call last):
  File "/dtu/projects/02613_2025/conda/miniconda3/envs/02613_2026/lib/python3.12/multiprocessing/process.py", line 314, in _bootstrap
    self.run()
  File "/dtu/projects/02613_2025/conda/miniconda3/envs/02613_2026/lib/python3.12/multiprocessing/process.py", line 108, in run
    self._target(*self._args, **self._kwargs)
  File "/dtu/projects/02613_2025/conda/miniconda3/envs/02613_2026/lib/python3.12/multiprocessing/pool.py", line 114, in worker
    task = get()
           ^^^^^
  File "/dtu/projects/02613_2025/conda/miniconda3/envs/02613_2026/lib/python3.12/multiprocessing/queues.py", line 386, in get
    with self._rlock:
         ^^^^^^^^^^^
  File "/dtu/projects/02613_2025/conda/miniconda3/envs/02613_2026/lib/python3.12/multiprocessing/synchronize.py", line 95, in __enter__
    return self._semlock.__enter__()
           ^^^^^^^^^^^^^^^^^^^^^^^^^
KeyboardInterrupt
    waiter.acquire()
KeyboardInterrupt

During handling of the above exception, another exception occurred:

Traceback (most recent call last):
  File "/zhome/c2/2/146508/PythonHPC/Project/simulate_dynamic.py", line 92, in <module>
    with multiprocessing.Pool(processes=NUM_PROCS) as pool:
         ^^^^^^^^^^^^^^^^^^^^^^^^^^^^^^^^^^^^^^^^^
  File "/dtu/projects/02613_2025/conda/miniconda3/envs/02613_2026/lib/python3.12/multiprocessing/pool.py", line 739, in __exit__
    self.terminate()
  File "/dtu/projects/02613_2025/conda/miniconda3/envs/02613_2026/lib/python3.12/multiprocessing/pool.py", line 657, in terminate
    self._terminate()
  File "/dtu/projects/02613_2025/conda/miniconda3/envs/02613_2026/lib/python3.12/multiprocessing/util.py", line 221, in __call__
    if self._pid != getpid():
                    ^^^^^^^^
KeyboardInterrupt
Terminated
Terminated
