Total time for 100 floor plans: 34.66 seconds
building_id, mean_temp, std_temp, pct_above_18, pct_below_15
10000, 14.01670143453451, 6.367649262232518, 30.966330331633575, 55.47538967849264
10009, 11.010280313769936, 5.809287037091442, 16.69765805608604, 74.93466680068349
10014, 14.760018956026702, 7.028338168790423, 38.296248040552925, 52.74831538445879
10019, 14.752119427720718, 7.020536524202132, 38.191880041912086, 52.886542354604735
10029, 10.622508188701113, 6.312460561840734, 18.25563221896085, 74.51301795448481
10031, 12.518720981580502, 6.276144597106296, 24.080075420557996, 66.33473764841057
10051, 13.290568693587787, 5.999000745442376, 25.97693550756574, 62.84890553841633
10053, 11.374403528445407, 6.258990340394518, 19.957686882933707, 72.38848730606487
10056, 14.221562289471542, 6.1794045077543185, 31.770664359612127, 57.05454021123968
10064, 12.729576497617932, 6.964127752199983, 28.854589132358804, 62.675186492768844
10075, 15.17695805946548, 6.443318560205805, 39.29754438653829, 47.280496422577514
10079, 15.105780039421619, 7.310332434554212, 41.94066689251319, 49.388762522383004
10080, 15.788677919868118, 7.276716278345721, 46.42160848820919, 44.66988664752966
10082, 16.48164674033663, 6.706227403983263, 48.723152055379074, 40.47318761557062
10083, 15.642338056587985, 7.120666233949633, 44.870436948965434, 45.874420061760624
10084, 15.103437404163095, 7.149927041471119, 40.92004216232495, 50.25146815238669
10085, 15.872018867073429, 7.191593636311283, 46.19291488551234, 44.711558809836205
10086, 14.40129287042001, 7.212663772682537, 37.29047849202513, 52.98695021749638
10087, 15.087595905652591, 7.268156716617211, 41.58031696525031, 49.84452356571815
10089, 14.005018448758232, 7.268929980328464, 35.506842060467356, 56.307273294686176
10090, 14.292348986223814, 6.619899290262298, 36.6682123811732, 51.18710874101553
10093, 14.107637439609007, 6.563904340681175, 33.415299954503105, 56.39014667331066
10094, 14.206957687620429, 6.756789680004294, 35.406337218847476, 54.879877414764955
10097, 14.357997188117173, 6.864222068044872, 37.845159605718386, 51.274561002676414
10117, 15.467991377969012, 6.682571553234301, 44.13410625109789, 44.460337775101
10119, 14.089674182737747, 6.7517891686011495, 35.08520585130448, 54.69260543909918
10120, 15.282544148744208, 8.031762241511613, 46.168775716171105, 47.71627461636002
10124, 13.86919885844607, 7.031665038930368, 34.57151056426444, 56.046202963016114
10126, 13.400895214147893, 6.6359895155632715, 29.673490998941055, 61.073067419696436
10128, 17.429428523492952, 6.706558499486138, 56.04351758259297, 34.869926052029584
10136, 15.429839010132955, 7.273167381212984, 44.34338141516802, 46.86940789148467
10144, 12.118610457127067, 6.12621286783693, 21.841893859516993, 68.8482201134709
10145, 10.662937060617907, 5.891477232596039, 16.59074372844896, 75.26177596406313
10150, 14.964157995600221, 7.494034563459179, 41.2050516477199, 50.724180776292116
10161, 13.451501800401756, 7.029405189124997, 31.821653456440195, 59.45789982857822
10165, 13.055518070277659, 6.7320368077357715, 29.071604938271605, 62.0477366255144
10167, 13.234493289218916, 6.813348934796287, 30.197673255775193, 60.84369478982633
10168, 13.195184804172143, 6.8997928359809775, 30.327255804676984, 60.48332142204198
10174, 16.591803630147517, 6.965310722251073, 49.479447074205886, 41.29743184567301
10176, 16.66403788082479, 6.851380404680582, 49.819178234623195, 40.66333769160153
10177, 16.629766727426325, 6.783007349845619, 49.135230649781796, 40.9165751920966
10180, 16.484905678378677, 6.869406472768405, 48.18851233413204, 42.14625784373221
10182, 16.740702008888956, 6.320409978459055, 50.90032760611846, 37.492045534893585
10198, 14.439366302508272, 7.344965251598701, 38.675400291120816, 53.180494905385736
10199, 17.2548151603623, 6.977990136232963, 53.96636286014972, 37.61640952324219
10200, 12.835274979096676, 7.25520111733166, 30.705105474787075, 61.62095981052674
10201, 15.960740314058762, 7.271212873319127, 47.10640378034871, 44.60746292977025
10202, 13.55464730753097, 7.495481481711413, 34.06631276881988, 58.622449317719415
10203, 16.816289050545276, 6.613453739132805, 51.282459773777276, 38.83755509532155
10204, 14.773466601343815, 7.063337074824444, 39.064078031148675, 51.70294477223196
10205, 11.46077097547657, 6.661885873218959, 23.204572590987485, 69.34838367310839
10206, 10.13527832863699, 6.3586009068614295, 17.561838635377374, 76.29936241946791
10207, 11.398466964479407, 6.609717866934143, 22.66790323827189, 69.79121813343933
10208, 9.50760830869162, 5.5405578427889415, 11.987925830099181, 82.24776116409438
1021, 16.766920740167375, 6.37222341320271, 48.86767211095177, 39.49240142058306
10215, 15.469642928306365, 7.149003674699672, 44.25972525885896, 46.58636194876449
10219, 14.159470139345178, 7.299826495080022, 37.30760536752769, 54.16640979799848
1022, 17.78441257672238, 6.216961838698389, 57.613688029469344, 31.788110194575637
1023, 18.989325704575986, 5.84384363082407, 65.28701673833068, 25.03034351683712
1024, 18.305641064567713, 5.930231926592597, 60.60301881180757, 28.85344635288869
10243, 16.614798382227235, 6.204487986259524, 49.0093146358226, 38.12274262652258
10244, 15.573482930619054, 6.621991499145782, 44.1185238180409, 43.49698920884755
10245, 16.66015816891075, 6.213591432937659, 49.22347603536529, 37.88389948813401
10247, 15.610816611731284, 6.6200149855589565, 44.66136237159144, 43.10617113119858
10249, 16.127140447483114, 6.232782614562539, 46.033884603725284, 40.42406278419617
1025, 17.53915120912914, 6.329814737666519, 56.09887807830175, 33.80196452679112
10251, 12.192611215004254, 7.591946795178643, 29.218492644970752, 65.12182654626001
10252, 12.014371848110065, 7.6024776992547105, 27.505075951270868, 67.00443675740712
10255, 11.94371142152802, 7.218243985813586, 25.821904506487382, 67.93578278601352
10257, 15.255079482649638, 7.285981042613778, 40.79224134280108, 51.161116365741066
10259, 12.666894826387638, 7.621448277034635, 30.47989294304977, 63.81915506318393
1026, 18.55923069507743, 5.710725245625275, 62.03579418344519, 26.71979865771812
10260, 13.681434575752563, 7.210161414696003, 33.73566789523412, 58.056196321107244
10262, 14.735290399698606, 7.445844367166203, 39.170032075252195, 53.05379667946353
10263, 16.754348751740352, 7.07142142557558, 49.44796101037268, 41.723697847519034
10265, 15.094938001227371, 7.165754834204632, 40.848374016061065, 50.50488987834937
10267, 16.278194068544924, 7.473116889301668, 49.05448856146749, 43.07589962179543
10268, 16.947517117093536, 6.974499346576008, 51.43764773565792, 39.66131795840264
10269, 18.618272842996042, 6.782622420516179, 61.97382724883379, 30.332594845261525
1027, 14.6675685864939, 6.662894801583484, 35.672314783174, 52.599994999208214
10276, 13.22345544636592, 6.967991622731019, 30.52248426480625, 61.674376279669374
10277, 13.562316611111457, 7.038977800382113, 32.624669111973695, 59.366356848640244
10279, 13.949868890211032, 7.007216890634404, 36.285297488798584, 54.89736375950818
10281, 13.039663482377238, 6.87320418850469, 31.37916666666667, 59.961458333333326
10282, 14.266275354075296, 6.78883050102728, 37.71750078143993, 51.44653214322926
10285, 13.988213025965637, 7.037592060029362, 35.448142278570174, 56.55044902271526
10288, 14.551430238350603, 6.81924420692956, 36.373919791652966, 53.612532389808884
10291, 12.239915682011953, 6.73138847845717, 25.205764889737804, 66.19204723042195
10292, 11.196082097181522, 6.440881998187386, 20.106946920067596, 72.5282992661867
10303, 17.639858761034752, 6.578673441447136, 55.705356850682286, 34.47756798324553
10306, 14.274914848640762, 7.359171526884336, 37.11877417259603, 55.53718520268076
1031, 12.159425648990872, 6.847126842537514, 25.786200887198984, 66.42110266159695
10311, 16.362469126567085, 6.579826869163831, 48.243310383987506, 40.93619135495777
10312, 16.44368016709134, 6.451558780929414, 47.69155790124338, 41.17989682143451
10315, 16.726152272729493, 6.394400801962248, 49.85731702415562, 38.9772377111775
10316, 15.968545787000652, 6.60274130533455, 44.98366957346095, 43.584382528066904
10318, 17.515004507333753, 6.317479446856536, 56.857413847613024, 31.999156918537253
10323, 14.30097671254514, 7.364431080755295, 38.09248740412695, 53.307018388370075
10324, 16.415939333615704, 7.02110809476882, 49.37507930465677, 41.392272554244386
10330, 14.98886688777603, 7.180442854191984, 40.85320445599477, 49.573701727989786

------------------------------------------------------------
Sender: LSF System <lsfadmin@hpc.dtu.dk>
Subject: Job 28338847: <simulate_100_floors_gpu_batched> in cluster <dcc> Done

Job <simulate_100_floors_gpu_batched> was submitted from host <n-62-12-19> by user <s194591> in cluster <dcc> at Sat May  2 22:56:38 2026
Job was executed on host(s) <4*n-62-18-10>, in queue <gpua100>, as user <s194591> in cluster <dcc> at Sat May  2 22:57:25 2026
</zhome/c2/2/146508> was used as the home directory.
</zhome/c2/2/146508/PythonHPC/Project> was used as the working directory.
Started at Sat May  2 22:57:25 2026
Terminated at Sat May  2 22:58:06 2026
Results reported at Sat May  2 22:58:06 2026

Your job looked like:

------------------------------------------------------------
# LSBATCH: User input
#!/bin/sh 
### General options 

### -- specify queue -- 
#BSUB -q gpua100

### -- set the job Name -- 
#BSUB -J simulate_100_floors_gpu_batched

### -- ask for number of cores (default: 1) --
#BSUB -n 4

### -- specify that the cores must be on the same host -- 
#BSUB -R "span[hosts=1]"

### -- specify that we need X amount of memory per core/slot -- 
#BSUB -R "rusage[mem=1GB]"

#BSUB -R "select[gpu80gb]"

#BSUB -gpu "num=1:mode=exclusive_process"

### -- set walltime limit: hh:mm -- 
#BSUB -W 00:30

### -- set the email address -- (uncomment and set your email address if needed)
##BSUB -u your_email_address

### -- send notification at start -- (uncomment if needed)
##BSUB -B 

### -- send notification at completion -- (uncomment if needed)
##BSUB -N 

### -- Specify the output and error file. %J is the job-id -- 
### -- -o and -e mean append, -oo and -eo mean overwrite -- 
#BSUB -oo logs/simulate_100_floors_cupy_batched.out 
#BSUB -eo logs/simulate_100_floors_cupy_batched.err 

source /dtu/projects/02613_2025/conda/conda_init.sh
conda activate 02613_2026

python -u simulate_cupy_batched.py 100
------------------------------------------------------------

Successfully completed.

Resource usage summary:

    CPU time :                                   38.00 sec.
    Max Memory :                                 102 MB
    Average Memory :                             102.00 MB
    Total Requested Memory :                     4096.00 MB
    Delta Memory :                               3994.00 MB
    Max Swap :                                   -
    Max Processes :                              4
    Max Threads :                                10
    Run time :                                   41 sec.
    Turnaround time :                            88 sec.

The output (if any) is above this job summary.



PS:

Read file <logs/simulate_100_floors_cupy_batched.err> for stderr output of this job.

